{"/Users/mohammad/Developer/new-express-jest/src/app.js": {"path":"/Users/mohammad/Developer/new-express-jest/src/app.js","statementMap":{"0":{"start":{"line":1,"column":16},"end":{"line":1,"column":34}},"1":{"start":{"line":2,"column":19},"end":{"line":2,"column":49}},"2":{"start":{"line":3,"column":21},"end":{"line":3,"column":58}},"3":{"start":{"line":5,"column":12},"end":{"line":5,"column":21}},"4":{"start":{"line":6,"column":0},"end":{"line":6,"column":24}},"5":{"start":{"line":8,"column":0},"end":{"line":8,"column":34}},"6":{"start":{"line":11,"column":0},"end":{"line":11,"column":22}},"7":{"start":{"line":13,"column":0},"end":{"line":13,"column":21}}},"fnMap":{},"branchMap":{},"s":{"0":1,"1":1,"2":1,"3":1,"4":1,"5":1,"6":1,"7":1},"f":{},"b":{},"_coverageSchema":"1a1c01bbd47fc00a2c39e90264f33305004495a9","hash":"9e08b210cb3da94fc22d955a5e32846b51630ec0"}
,"/Users/mohammad/Developer/new-express-jest/src/controllers/userController.js": {"path":"/Users/mohammad/Developer/new-express-jest/src/controllers/userController.js","statementMap":{"0":{"start":{"line":1,"column":20},"end":{"line":1,"column":54}},"1":{"start":{"line":3,"column":17},"end":{"line":6,"column":1}},"2":{"start":{"line":4,"column":16},"end":{"line":4,"column":41}},"3":{"start":{"line":5,"column":2},"end":{"line":5,"column":18}},"4":{"start":{"line":8,"column":20},"end":{"line":15,"column":1}},"5":{"start":{"line":9,"column":2},"end":{"line":14,"column":3}},"6":{"start":{"line":10,"column":17},"end":{"line":10,"column":55}},"7":{"start":{"line":11,"column":4},"end":{"line":11,"column":19}},"8":{"start":{"line":13,"column":4},"end":{"line":13,"column":14}},"9":{"start":{"line":17,"column":19},"end":{"line":20,"column":1}},"10":{"start":{"line":18,"column":15},"end":{"line":18,"column":47}},"11":{"start":{"line":19,"column":2},"end":{"line":19,"column":29}},"12":{"start":{"line":22,"column":0},"end":{"line":22,"column":55}}},"fnMap":{"0":{"name":"(anonymous_0)","decl":{"start":{"line":3,"column":17},"end":{"line":3,"column":18}},"loc":{"start":{"line":3,"column":31},"end":{"line":6,"column":1}},"line":3},"1":{"name":"(anonymous_1)","decl":{"start":{"line":8,"column":20},"end":{"line":8,"column":21}},"loc":{"start":{"line":8,"column":40},"end":{"line":15,"column":1}},"line":8},"2":{"name":"(anonymous_2)","decl":{"start":{"line":17,"column":19},"end":{"line":17,"column":20}},"loc":{"start":{"line":17,"column":33},"end":{"line":20,"column":1}},"line":17}},"branchMap":{},"s":{"0":1,"1":1,"2":1,"3":1,"4":1,"5":2,"6":2,"7":1,"8":1,"9":1,"10":1,"11":1,"12":1},"f":{"0":1,"1":2,"2":1},"b":{},"_coverageSchema":"1a1c01bbd47fc00a2c39e90264f33305004495a9","hash":"580ad2dcf097f31df9c8f466bf900a4d0ac1f355"}
,"/Users/mohammad/Developer/new-express-jest/src/middlewares/errorHandler.js": {"path":"/Users/mohammad/Developer/new-express-jest/src/middlewares/errorHandler.js","statementMap":{"0":{"start":{"line":1,"column":21},"end":{"line":3,"column":1}},"1":{"start":{"line":2,"column":2},"end":{"line":2,"column":47}},"2":{"start":{"line":5,"column":0},"end":{"line":5,"column":30}}},"fnMap":{"0":{"name":"(anonymous_0)","decl":{"start":{"line":1,"column":21},"end":{"line":1,"column":22}},"loc":{"start":{"line":1,"column":46},"end":{"line":3,"column":1}},"line":1}},"branchMap":{},"s":{"0":1,"1":1,"2":1},"f":{"0":1},"b":{},"_coverageSchema":"1a1c01bbd47fc00a2c39e90264f33305004495a9","hash":"4195ad9c2d7570fdad9649c7d9951b5f5aa05385"}
,"/Users/mohammad/Developer/new-express-jest/src/routes/userRoutes.js": {"path":"/Users/mohammad/Developer/new-express-jest/src/routes/userRoutes.js","statementMap":{"0":{"start":{"line":1,"column":16},"end":{"line":1,"column":34}},"1":{"start":{"line":6,"column":4},"end":{"line":6,"column":44}},"2":{"start":{"line":8,"column":15},"end":{"line":8,"column":31}},"3":{"start":{"line":10,"column":0},"end":{"line":10,"column":26}},"4":{"start":{"line":11,"column":0},"end":{"line":11,"column":32}},"5":{"start":{"line":12,"column":0},"end":{"line":12,"column":29}},"6":{"start":{"line":14,"column":0},"end":{"line":14,"column":24}}},"fnMap":{},"branchMap":{},"s":{"0":1,"1":1,"2":1,"3":1,"4":1,"5":1,"6":1},"f":{},"b":{},"_coverageSchema":"1a1c01bbd47fc00a2c39e90264f33305004495a9","hash":"11d6ebdbd3b0e095dc7a83af1d05ad084db8eac5"}
,"/Users/mohammad/Developer/new-express-jest/src/services/userService.js": {"path":"/Users/mohammad/Developer/new-express-jest/src/services/userService.js","statementMap":{"0":{"start":{"line":1,"column":12},"end":{"line":4,"column":1}},"1":{"start":{"line":6,"column":20},"end":{"line":6,"column":31}},"2":{"start":{"line":6,"column":26},"end":{"line":6,"column":31}},"3":{"start":{"line":8,"column":20},"end":{"line":12,"column":1}},"4":{"start":{"line":9,"column":15},"end":{"line":9,"column":55}},"5":{"start":{"line":9,"column":33},"end":{"line":9,"column":54}},"6":{"start":{"line":10,"column":2},"end":{"line":10,"column":47}},"7":{"start":{"line":10,"column":13},"end":{"line":10,"column":47}},"8":{"start":{"line":11,"column":2},"end":{"line":11,"column":14}},"9":{"start":{"line":14,"column":19},"end":{"line":18,"column":1}},"10":{"start":{"line":15,"column":18},"end":{"line":15,"column":51}},"11":{"start":{"line":16,"column":2},"end":{"line":16,"column":22}},"12":{"start":{"line":17,"column":2},"end":{"line":17,"column":17}},"13":{"start":{"line":20,"column":0},"end":{"line":20,"column":58}}},"fnMap":{"0":{"name":"(anonymous_0)","decl":{"start":{"line":6,"column":20},"end":{"line":6,"column":21}},"loc":{"start":{"line":6,"column":26},"end":{"line":6,"column":31}},"line":6},"1":{"name":"(anonymous_1)","decl":{"start":{"line":8,"column":20},"end":{"line":8,"column":21}},"loc":{"start":{"line":8,"column":28},"end":{"line":12,"column":1}},"line":8},"2":{"name":"(anonymous_2)","decl":{"start":{"line":9,"column":26},"end":{"line":9,"column":27}},"loc":{"start":{"line":9,"column":33},"end":{"line":9,"column":54}},"line":9},"3":{"name":"(anonymous_3)","decl":{"start":{"line":14,"column":19},"end":{"line":14,"column":20}},"loc":{"start":{"line":14,"column":29},"end":{"line":18,"column":1}},"line":14}},"branchMap":{"0":{"loc":{"start":{"line":10,"column":2},"end":{"line":10,"column":47}},"type":"if","locations":[{"start":{"line":10,"column":2},"end":{"line":10,"column":47}},{"start":{},"end":{}}],"line":10}},"s":{"0":1,"1":1,"2":1,"3":1,"4":2,"5":4,"6":2,"7":1,"8":1,"9":1,"10":1,"11":1,"12":1,"13":1},"f":{"0":1,"1":2,"2":4,"3":1},"b":{"0":[1,1]},"_coverageSchema":"1a1c01bbd47fc00a2c39e90264f33305004495a9","hash":"21bffe9242121702d96f7233b0f42a116a82bee3"}
}
